  INFO root [0x00005434] [2023-06-16 20:46:32,544] - 
  INFO root [0x00005434] [2023-06-16 20:46:32,544] - -----------------------------------------------------------------------------------------


  INFO root [0x00005434] [2023-06-16 20:46:32,545] - Resmgr::initialize: KBE_ROOT=E:/XMeditation/StudyServer/KBEngine/kbengine-2.5.12/
  INFO root [0x00005434] [2023-06-16 20:46:32,545] - Resmgr::initialize: KBE_RES_PATH=E:/XMeditation/StudyServer/KBEngine/kbengine-2.5.12/kbe/res/;E:/XMeditation/StudyServer/KBEngine/kbengine-2.5.12/server_assets/;E:/XMeditation/StudyServer/KBEngine/kbengine-2.5.12/server_assets/scripts/;E:/XMeditation/StudyServer/KBEngine/kbengine-2.5.12/server_assets/res/
  INFO root [0x00005434] [2023-06-16 20:46:32,545] - Resmgr::initialize: KBE_BIN_PATH=E:/XMeditation/StudyServer/KBEngine/kbengine-2.5.12/kbe/bin/server/
  INFO root [0x00005434] [2023-06-16 20:46:32,560] - NetworkInterface::initialize(INTERNAL-TCP): bound to all interfaces with default route interface on 192.168.126.1 ( 192.168.126.1:3588 )
  INFO root [0x00005434] [2023-06-16 20:46:32,560] - NetworkInterface::initialize(INTERNAL-TCP): address 192.168.126.1:3588, SOMAXCONN=511.
  INFO root [0x00005434] [2023-06-16 20:46:32,560] - server-configs:
  INFO root [0x00005434] [2023-06-16 20:46:32,560] - 	gameUpdateHertz : 10
  INFO root [0x00005434] [2023-06-16 20:46:32,561] - 	defaultViewRadius : 80
  INFO root [0x00005434] [2023-06-16 20:46:32,561] - 	defaultViewHysteresisArea : 5
  INFO root [0x00005434] [2023-06-16 20:46:32,561] - 	entryScriptFile : kbemain
  INFO root [0x00005434] [2023-06-16 20:46:32,561] - 	internalTcpAddr : 192.168.126.1:3588
  INFO root [0x00005434] [2023-06-16 20:46:32,561] - 	componentID : 8001
  INFO root [0x00005434] [2023-06-16 20:46:32,566] - Components::findLogger: found logger, addr:192.168.126.1:3582
  INFO root [0x00005434] [2023-06-16 20:46:32,567] - Components::addComponent: reset orderLog, uid=63819!
  INFO root [0x00005434] [2023-06-16 20:46:32,567] - Components::addComponent[logger], uid=63819, componentID=2000, globalorderid=1, grouporderid=1, totalcount=1
  INFO root [0x00005434] [2023-06-16 20:46:32,773] - ---- cellapp Version: 2.5.10. ScriptVersion: 0.1.0. Pythoncore: 3.7.3. Protocol: 4478E9BD24C10143131E32BB1D739ABD. Config: Debug X64. Built: 20:08:18 Jun 15 2023. AppID: 8001. UID: 63819. PID: 10920 ----
  INFO root [0x00005434] [2023-06-16 20:46:32,774] - Server PC: Intel(R) Core(TM) i7-10700 CPU @ 2.90GHz with 33463320kB RAM
  INFO root [0x00005434] [2023-06-16 20:46:32,774] - ThreadPool::createThreadPool: creating  threadpool...
  INFO root [0x00005434] [2023-06-16 20:46:32,774] - ThreadPool::createThreadPool: successfully(2), newThreadCount=1, normalMaxThreadCount=2, maxThreadCount=8
  INFO root [0x00005434] [2023-06-16 20:46:32,942] - Script::install(): is successfully, Python=(3.7.3 (default, Jun 15 2023, 20:01:41) [MSC v.1936 64 bit (AMD64)])!
  INFO root [0x00005434] [2023-06-16 20:46:32,942] - Script::install(): KBExtra is successfully!
  INFO root [0x00005434] [2023-06-16 20:46:32,981] - TelnetServer server is running on port 50000
  INFO root [0x00005434] [2023-06-16 20:46:33,161] - ---- cellapp is running ----
 DEBUG root [0x00005434] [2023-06-16 20:46:33,162] - Components::process(): Request for the process of identity...
  WARN root [0x00005434] [2023-06-16 20:46:39,284] - Forwarding logs to logger[192.168.126.1:3582/0/0/0]...
 ERROR root [0x00005434] [2023-06-16 20:53:48,096] - Components::removeComponentByChannel: logger : 2000, Abnormal exit(reason=TCPPacketReceiver::processRecv(): error=10054
)! Channel(timestamp=19160277434, lastReceivedTime=18997939597, inactivityExceptionPeriod=599499873)
   OFF root [0x00005434] [2023-06-16 20:53:48,099] - The following logs sent to logger failed:
  WARN root [0x00005434] [2023-06-16 20:53:48,099] - ==> [2023-06-16 20:53:48 096] TCPPacketReceiver::processPendingEvents(192.168.126.1:3582): Throwing REASON_GENERAL_NETWORK - WSAECONNRESET
 ERROR root [0x00005434] [2023-06-16 20:53:48,099] - ==> [2023-06-16 20:53:48 096] Components::removeComponentByChannel: logger : 2000, Abnormal exit(reason=TCPPacketReceiver::processRecv(): error=10054
)! Channel(timestamp=19160277434, lastReceivedTime=18997939597, inactivityExceptionPeriod=599499873)
  WARN root [0x00005434] [2023-06-16 20:53:48,201] - TCPPacketReceiver::processPendingEvents(192.168.126.1:3587): Throwing REASON_GENERAL_NETWORK - WSAECONNRESET
 ERROR root [0x00005434] [2023-06-16 20:53:48,201] - Components::removeComponentByChannel: dbmgr : 4000, Abnormal exit(reason=TCPPacketReceiver::processRecv(): error=10054
)! Channel(timestamp=19161327118, lastReceivedTime=19004368573, inactivityExceptionPeriod=599499873)
  INFO root [0x00005434] [2023-06-16 20:53:48,203] - Shutdowner::onShutdownBegin: shutting down(period=0, tickPeriod=1)
  INFO root [0x00005434] [2023-06-16 20:53:48,205] - Shutdowner::onShutdown: shutting down
  INFO root [0x00005434] [2023-06-16 20:53:48,205] - Shutdowner::onShutdownEnd: shutting down
 DEBUG root [0x00005434] [2023-06-16 20:53:48,205] - EntityRef::destroyObjPool(): size 0.
 DEBUG root [0x00005434] [2023-06-16 20:53:48,205] - Witness::destroyObjPool(): size 0.
  INFO root [0x00005434] [2023-06-16 20:53:48,219] - Script::uninstall(): is successfully!
 DEBUG root [0x00005434] [2023-06-16 20:53:48,219] - ThreadPool::destroy(): starting size 2.
  WARN root [0x00005434] [2023-06-16 20:53:48,520] - ThreadPool::destroy(): waiting for thread(2)[0x1c7ff303e00,0x1c7ff304d00,], try=1
