  INFO root [2023-06-16 20:46:32,495] - 
  INFO root [2023-06-16 20:46:32,495] - -----------------------------------------------------------------------------------------


  INFO root [2023-06-16 20:46:32,496] - Resmgr::initialize: KBE_ROOT=E:/XMeditation/StudyServer/KBEngine/kbengine-2.5.12/
  INFO root [2023-06-16 20:46:32,496] - Resmgr::initialize: KBE_RES_PATH=E:/XMeditation/StudyServer/KBEngine/kbengine-2.5.12/kbe/res/;E:/XMeditation/StudyServer/KBEngine/kbengine-2.5.12/server_assets/;E:/XMeditation/StudyServer/KBEngine/kbengine-2.5.12/server_assets/scripts/;E:/XMeditation/StudyServer/KBEngine/kbengine-2.5.12/server_assets/res/
  INFO root [2023-06-16 20:46:32,496] - Resmgr::initialize: KBE_BIN_PATH=E:/XMeditation/StudyServer/KBEngine/kbengine-2.5.12/kbe/bin/server/
  INFO root [2023-06-16 20:46:32,510] - NetworkInterface::initialize(INTERNAL-TCP): bound to all interfaces with default route interface on 192.168.126.1 ( 192.168.126.1:3587 )
  INFO root [2023-06-16 20:46:32,510] - NetworkInterface::initialize(INTERNAL-TCP): address 192.168.126.1:3587, SOMAXCONN=511.
  INFO root [2023-06-16 20:46:32,510] - server-configs:
  INFO root [2023-06-16 20:46:32,510] - 	internalTcpAddr : 192.168.126.1:3587
  INFO root [2023-06-16 20:46:32,510] - 	componentID : 4000
  INFO root [2023-06-16 20:46:32,566] - Components::findLogger: found logger, addr:192.168.126.1:3582
  INFO root [2023-06-16 20:46:32,566] - Components::addComponent: reset orderLog, uid=63819!
  INFO root [2023-06-16 20:46:32,566] - Components::addComponent[logger], uid=63819, componentID=2000, globalorderid=1, grouporderid=1, totalcount=1
  INFO root [2023-06-16 20:46:32,671] - ---- dbmgr Version: 2.5.10. ScriptVersion: 0.1.0. Pythoncore: 3.7.3. Protocol: CEEA1830B25FC811C6B0172173A5FCD0. Config: Debug X64. Built: 20:07:53 Jun 15 2023. AppID: 4000. UID: 63819. PID: 14288 ----
  INFO root [2023-06-16 20:46:32,671] - Server PC: Intel(R) Core(TM) i7-10700 CPU @ 2.90GHz with 33463320kB RAM
  INFO root [2023-06-16 20:46:32,671] - ThreadPool::createThreadPool: creating  threadpool...
  INFO root [2023-06-16 20:46:32,671] - ThreadPool::createThreadPool: successfully(2), newThreadCount=1, normalMaxThreadCount=2, maxThreadCount=8
  INFO root [2023-06-16 20:46:32,836] - Script::install(): is successfully, Python=(3.7.3 (default, Jun 15 2023, 20:01:41) [MSC v.1936 64 bit (AMD64)])!
  INFO root [2023-06-16 20:46:32,836] - Script::install(): KBExtra is successfully!
  INFO root [2023-06-16 20:46:32,904] - Dbmgr::initializeEnd: digest(363BB7D9C7C9010E5779213C13D38542)
S_INFO root [2023-06-16 20:46:32,904] - onDBMgrReady: bootstrapGroupIndex=0, bootstrapGlobalIndex=0
  INFO root [2023-06-16 20:46:32,904] - TelnetServer server is running on port 32000
  INFO root [2023-06-16 20:46:32,904] - Dbmgr::initInterfacesHandler: interfaces addr(127.0.0.1:30099), accountType:(interfaces), chargeType:(interfaces).
  WARN root [2023-06-16 20:46:33,149] - DBUtil::initialize: db(default) password is not encrypted!
please use password(rsa):
01C75EBAA6C47ABF30A62A9A8926947D1AE7E04634696DF6DBC0B0AECDA19349B6B15A10750E13C482931CE6768C6F76163EC8917F868010CF1B33E4422192DE63AB51B00B37DB241C3DEE9D4A3BFD2956BCBE4A72650758710D8058FDF902373800E2C2AB72C6A755C55EFC88A8534195D270EEA52EDEE89EC45429934DBBC5
 DEBUG root [2023-06-16 20:46:33,167] - DBInterfaceMysql::attach: connect: localhost:3306 starting...
 DEBUG root [2023-06-16 20:46:33,181] - DBInterfaceMysql::attach: successfully! addr: localhost:3306
  INFO root [2023-06-16 20:46:33,181] - DBUtil::createInterface[0xab81cfe3c8]: interface=default, dbtype=mysql, ip=localhost, port=3306, currdatabase=kbe, username=kbe, connected=yes.

  INFO root [2023-06-16 20:46:33,181] - ThreadPool::createThreadPool: creating  threadpool...
  INFO root [2023-06-16 20:46:33,181] - ThreadPool::createThreadPool: successfully(5), newThreadCount=5, normalMaxThreadCount=5, maxThreadCount=5
 DEBUG root [2023-06-16 20:46:33,181] - DBInterfaceMysql::attach: connect: localhost:3306 starting...
 DEBUG root [2023-06-16 20:46:33,181] - DBInterfaceMysql::attach: connect: localhost:3306 starting...
 DEBUG root [2023-06-16 20:46:33,181] - DBInterfaceMysql::attach: connect: localhost:3306 starting...
 DEBUG root [2023-06-16 20:46:33,181] - DBInterfaceMysql::attach: connect: localhost:3306 starting...
 DEBUG root [2023-06-16 20:46:33,182] - DBInterfaceMysql::attach: connect: localhost:3306 starting...
 DEBUG root [2023-06-16 20:46:33,183] - DBInterfaceMysql::attach: successfully! addr: localhost:3306
 DEBUG root [2023-06-16 20:46:33,183] - DBThread::onStart(): 0x2a79af15510!
 DEBUG root [2023-06-16 20:46:33,183] - DBInterfaceMysql::attach: successfully! addr: localhost:3306
 DEBUG root [2023-06-16 20:46:33,183] - DBThread::onStart(): 0x2a79af15b90!
 DEBUG root [2023-06-16 20:46:33,183] - DBInterfaceMysql::attach: successfully! addr: localhost:3306
 DEBUG root [2023-06-16 20:46:33,183] - DBThread::onStart(): 0x2a79af15ac0!
 DEBUG root [2023-06-16 20:46:33,183] - DBInterfaceMysql::attach: successfully! addr: localhost:3306
 DEBUG root [2023-06-16 20:46:33,183] - DBThread::onStart(): 0x2a79af15c60!
 DEBUG root [2023-06-16 20:46:33,184] - DBInterfaceMysql::attach: successfully! addr: localhost:3306
 DEBUG root [2023-06-16 20:46:33,184] - DBThread::onStart(): 0x2a79af16960!
  INFO root [2023-06-16 20:46:33,282] - DBInterfaceMysql::query: successfully!
  WARN root [2023-06-16 20:46:33,282] - DBInterfaceMysql::checkErrors: not found Account table(dbInterface=default), reset kbe_* table...
  WARN root [2023-06-16 20:46:33,283] - DBInterfaceMysql::checkErrors: reset kbe_* table(dbInterface=default) end!
  INFO root [2023-06-16 20:46:33,288] - DBInterfaceMysql::query: successfully!
  INFO root [2023-06-16 20:46:33,289] - DBInterfaceMysql::query: successfully!
  INFO root [2023-06-16 20:46:33,289] - DBInterfaceMysql::query: successfully!
  INFO root [2023-06-16 20:46:33,290] - DBInterfaceMysql::query: successfully!
  INFO root [2023-06-16 20:46:33,295] - DBInterfaceMysql::query: successfully!
  INFO root [2023-06-16 20:46:33,295] - DBInterfaceMysql::query: successfully!
 DEBUG root [2023-06-16 20:46:33,295] - syncToDB(): Account->sm_autoLoad(tinyint not null DEFAULT 0).
  INFO root [2023-06-16 20:46:33,295] - DBInterfaceMysql::query: successfully!
  INFO root [2023-06-16 20:46:33,295] - DBInterfaceMysql::query: successfully!
  INFO root [2023-06-16 20:46:33,312] - DBInterfaceMysql::query: successfully!
  WARN root [2023-06-16 20:46:33,327] - E:\XMeditation\StudyServer\KBEngine\kbengine-2.5.12\kbe\src\server\dbmgr\dbmgr.cpp:306: Profile scriptCall took 0.42 seconds
  INFO root [2023-06-16 20:46:33,476] - ---- dbmgr is running ----
 DEBUG root [2023-06-16 20:46:33,477] - Components::process(): Request for the process of identity...
  WARN root [2023-06-16 20:46:39,575] - Forwarding logs to logger[192.168.126.1:3582/0/0/0]...
 ERROR root [2023-06-16 20:53:48,096] - Components::removeComponentByChannel: logger : 2000, Abnormal exit(reason=TCPPacketReceiver::processRecv(): error=10054
)! Channel(timestamp=19160277606, lastReceivedTime=18997939677, inactivityExceptionPeriod=599490408)
   OFF root [2023-06-16 20:53:48,098] - The following logs sent to logger failed:
  WARN root [2023-06-16 20:53:48,098] - ==> [2023-06-16 20:53:48 096] TCPPacketReceiver::processPendingEvents(192.168.126.1:3582): Throwing REASON_GENERAL_NETWORK - WSAECONNRESET
 ERROR root [2023-06-16 20:53:48,098] - ==> [2023-06-16 20:53:48 096] Components::removeComponentByChannel: logger : 2000, Abnormal exit(reason=TCPPacketReceiver::processRecv(): error=10054
)! Channel(timestamp=19160277606, lastReceivedTime=18997939677, inactivityExceptionPeriod=599490408)
